<html>
<head>
<title>TestNG:  Test</title>
<link href="../testng.css" rel="stylesheet" type="text/css" />
<link href="../my-testng.css" rel="stylesheet" type="text/css" />

<style type="text/css">
.log { display: none;} 
.stack-trace { display: none;} 
</style>
<script type="text/javascript">
<!--
function flip(e) {
  current = e.style.display;
  if (current == 'block') {
    e.style.display = 'none';
    return 0;
  }
  else {
    e.style.display = 'block';
    return 1;
  }
}

function toggleBox(szDivId, elem, msg1, msg2)
{
  var res = -1;  if (document.getElementById) {
    res = flip(document.getElementById(szDivId));
  }
  else if (document.all) {
    // this is the way old msie versions work
    res = flip(document.all[szDivId]);
  }
  if(elem) {
    if(res == 0) elem.innerHTML = msg1; else elem.innerHTML = msg2;
  }

}

function toggleAllBoxes() {
  if (document.getElementsByTagName) {
    d = document.getElementsByTagName('div');
    for (i = 0; i < d.length; i++) {
      if (d[i].className == 'log') {
        flip(d[i]);
      }
    }
  }
}

// -->
</script>

</head>
<body>
<h2 align='center'>Test</h2><table border='1' align="center">
<tr>
<td>Tests passed/Failed/Skipped:</td><td>15/0/3</td>
</tr><tr>
<td>Started on:</td><td>Sat Aug 03 16:59:22 IST 2024</td>
</tr>
<tr><td>Total time:</td><td>822 seconds (822131 ms)</td>
</tr><tr>
<td>Included groups:</td><td></td>
</tr><tr>
<td>Excluded groups:</td><td></td>
</tr>
</table><p/>
<small><i>(Hover the method name to see the test class name)</i></small><p/>
<table width='100%' border='1' class='invocation-passed'>
<tr><td colspan='4' align='center'><b>PASSED TESTS</b></td></tr>
<tr><td><b>Test method</b></td>
<td width="30%"><b>Exception</b></td>
<td width="10%"><b>Time (seconds)</b></td>
<td><b>Instance</b></td>
</tr>
<tr>
<td title='airLine.final_Project2.TestCase10.validations()'><b>validations</b><br>Test class: airLine.final_Project2.TestCase10<br/>
<a href="#Output-36437323" onClick='toggleBox("Output-36437323", this, "Show output", "Hide output");'>Show output</a>

<a href="#Output-36437323" onClick="toggleAllBoxes();">Show all outputs</a>
<div class='log' id="Output-36437323">
Test case Ppassed<br/>
</div>
</td>
<td></td>
<td>35</td>
<td>airLine.final_Project2.TestCase10@1ed6388a</td></tr>
<tr>
<td title='airLine.final_Project2.TestCase03.login_usingInvalidCredentials()'><b>login_usingInvalidCredentials</b><br>Test class: airLine.final_Project2.TestCase03<br/>
<a href="#Output-404994500" onClick='toggleBox("Output-404994500", this, "Show output", "Hide output");'>Show output</a>

<a href="#Output-404994500" onClick="toggleAllBoxes();">Show all outputs</a>
<div class='log' id="Output-404994500">
Test case Ppassed<br/>
</div>
</td>
<td></td>
<td>4</td>
<td>airLine.final_Project2.TestCase03@52b1beb6</td></tr>
<tr>
<td title='airLine.final_Project2.TestCase14.domestiCRoundTrip()'><b>domestiCRoundTrip</b><br>Test class: airLine.final_Project2.TestCase14<br/>
<a href="#Output-977278793" onClick='toggleBox("Output-977278793", this, "Show output", "Hide output");'>Show output</a>

<a href="#Output-977278793" onClick="toggleAllBoxes();">Show all outputs</a>
<div class='log' id="Output-977278793">
Test case Ppassed<br/>
</div>
</td>
<td></td>
<td>12</td>
<td>airLine.final_Project2.TestCase14@273e7444</td></tr>
<tr>
<td title='airLine.final_Project2.TestCase01.registration()'><b>registration</b><br>Test class: airLine.final_Project2.TestCase01<br/>
<a href="#Output-86558913" onClick='toggleBox("Output-86558913", this, "Show output", "Hide output");'>Show output</a>

<a href="#Output-86558913" onClick="toggleAllBoxes();">Show all outputs</a>
<div class='log' id="Output-86558913">
Test case Ppassed<br/>
</div>
</td>
<td></td>
<td>2</td>
<td>airLine.final_Project2.TestCase01@73e9cf30</td></tr>
<tr>
<td title='airLine.final_Project2.TestCase05.roundTrip()'><b>roundTrip</b><br>Test class: airLine.final_Project2.TestCase05<br/>
<a href="#Output-124900571" onClick='toggleBox("Output-124900571", this, "Show output", "Hide output");'>Show output</a>

<a href="#Output-124900571" onClick="toggleAllBoxes();">Show all outputs</a>
<div class='log' id="Output-124900571">
Test case Ppassed<br/>
</div>
</td>
<td></td>
<td>11</td>
<td>airLine.final_Project2.TestCase05@942a29c</td></tr>
<tr>
<td title='airLine.final_Project2.TestCase15.validatePayments()'><b>validatePayments</b><br>Test class: airLine.final_Project2.TestCase15<br/>
<a href="#Output-949107966" onClick='toggleBox("Output-949107966", this, "Show output", "Hide output");'>Show output</a>

<a href="#Output-949107966" onClick="toggleAllBoxes();">Show all outputs</a>
<div class='log' id="Output-949107966">
Test case Ppassed<br/>
</div>
</td>
<td></td>
<td>37</td>
<td>airLine.final_Project2.TestCase15@3527942a</td></tr>
<tr>
<td title='airLine.final_Project2.TestCase08.seatSelection()'><b>seatSelection</b><br>Test class: airLine.final_Project2.TestCase08<br/>
<a href="#Output-1881868027" onClick='toggleBox("Output-1881868027", this, "Show output", "Hide output");'>Show output</a>

<a href="#Output-1881868027" onClick="toggleAllBoxes();">Show all outputs</a>
<div class='log' id="Output-1881868027">
Test case Ppassed<br/>
</div>
</td>
<td></td>
<td>37</td>
<td>airLine.final_Project2.TestCase08@c88a337</td></tr>
<tr>
<td title='airLine.final_Project2.TestCase13.validateCoupon()'><b>validateCoupon</b><br>Test class: airLine.final_Project2.TestCase13<br/>
<a href="#Output-1914285129" onClick='toggleBox("Output-1914285129", this, "Show output", "Hide output");'>Show output</a>

<a href="#Output-1914285129" onClick="toggleAllBoxes();">Show all outputs</a>
<div class='log' id="Output-1914285129">
Test case Ppassed<br/>
</div>
</td>
<td></td>
<td>29</td>
<td>airLine.final_Project2.TestCase13@53aac487</td></tr>
<tr>
<td title='airLine.final_Project2.TestCase07.multiCityFlight()'><b>multiCityFlight</b><br>Test class: airLine.final_Project2.TestCase07<br/>
<a href="#Output-602680284" onClick='toggleBox("Output-602680284", this, "Show output", "Hide output");'>Show output</a>

<a href="#Output-602680284" onClick="toggleAllBoxes();">Show all outputs</a>
<div class='log' id="Output-602680284">
Test case Ppassed<br/>
</div>
</td>
<td></td>
<td>13</td>
<td>airLine.final_Project2.TestCase07@242b836</td></tr>
<tr>
<td title='airLine.final_Project2.TestCase09.multiplePassengers()'><b>multiplePassengers</b><br>Test class: airLine.final_Project2.TestCase09<br/>
<a href="#Output-1771040410" onClick='toggleBox("Output-1771040410", this, "Show output", "Hide output");'>Show output</a>

<a href="#Output-1771040410" onClick="toggleAllBoxes();">Show all outputs</a>
<div class='log' id="Output-1771040410">
Test case Ppassed<br/>
</div>
</td>
<td></td>
<td>20</td>
<td>airLine.final_Project2.TestCase09@72e5a8e</td></tr>
<tr>
<td title='airLine.final_Project2.TestCase12.loginSearCHLogout()'><b>loginSearCHLogout</b><br>Test class: airLine.final_Project2.TestCase12<br/>
<a href="#Output-1386640019" onClick='toggleBox("Output-1386640019", this, "Show output", "Hide output");'>Show output</a>

<a href="#Output-1386640019" onClick="toggleAllBoxes();">Show all outputs</a>
<div class='log' id="Output-1386640019">
Test case Ppassed<br/>
</div>
</td>
<td></td>
<td>47</td>
<td>airLine.final_Project2.TestCase12@771a660</td></tr>
<tr>
<td title='airLine.final_Project2.TestCase06.economyBussinessFirstClass()'><b>economyBussinessFirstClass</b><br>Test class: airLine.final_Project2.TestCase06<br/>
<a href="#Output-942494874" onClick='toggleBox("Output-942494874", this, "Show output", "Hide output");'>Show output</a>

<a href="#Output-942494874" onClick="toggleAllBoxes();">Show all outputs</a>
<div class='log' id="Output-942494874">
Test case Ppassed<br/>
</div>
</td>
<td></td>
<td>38</td>
<td>airLine.final_Project2.TestCase06@2d52216b</td></tr>
<tr>
<td title='airLine.final_Project2.TestCase02.verifyLogin()'><b>verifyLogin</b><br>Test class: airLine.final_Project2.TestCase02<br/>
<a href="#Output-629016615" onClick='toggleBox("Output-629016615", this, "Show output", "Hide output");'>Show output</a>

<a href="#Output-629016615" onClick="toggleAllBoxes();">Show all outputs</a>
<div class='log' id="Output-629016615">
Test case Ppassed<br/>
</div>
</td>
<td></td>
<td>4</td>
<td>airLine.final_Project2.TestCase02@54e1c68b</td></tr>
<tr>
<td title='airLine.final_Project2.TestCase11.validations2()'><b>validations2</b><br>Test class: airLine.final_Project2.TestCase11<br/>
<a href="#Output-1501844857" onClick='toggleBox("Output-1501844857", this, "Show output", "Hide output");'>Show output</a>

<a href="#Output-1501844857" onClick="toggleAllBoxes();">Show all outputs</a>
<div class='log' id="Output-1501844857">
Test case Ppassed<br/>
</div>
</td>
<td></td>
<td>36</td>
<td>airLine.final_Project2.TestCase11@7db12bb6</td></tr>
<tr>
<td title='airLine.final_Project2.TestCase04.oneWayTrip()'><b>oneWayTrip</b><br>Test class: airLine.final_Project2.TestCase04<br/>
<a href="#Output-314462083" onClick='toggleBox("Output-314462083", this, "Show output", "Hide output");'>Show output</a>

<a href="#Output-314462083" onClick="toggleAllBoxes();">Show all outputs</a>
<div class='log' id="Output-314462083">
Test case Ppassed<br/>
</div>
</td>
<td></td>
<td>16</td>
<td>airLine.final_Project2.TestCase04@3f6f6701</td></tr>
</table><p>
<table width='100%' border='1' class='invocation-skipped'>
<tr><td colspan='4' align='center'><b>SKIPPED TESTS</b></td></tr>
<tr><td><b>Test method</b></td>
<td width="30%"><b>Exception</b></td>
<td width="10%"><b>Time (seconds)</b></td>
<td><b>Instance</b></td>
</tr>
<tr>
<td title='airLine.final_Project2.TestCase12.loginSearCHLogout()'><b>loginSearCHLogout</b><br>Test class: airLine.final_Project2.TestCase12</td>
<td><div><pre>org.openqa.selenium.JavascriptException: javascript error: {&quot;status&quot;:60,&quot;value&quot;:&quot;[object HTMLDivElement] has no size and location&quot;}
  (Session info: MicrosoftEdge=127.0.2651.86)
Build info: version: &apos;4.21.0&apos;, revision: &apos;79ed462ef4&apos;
System info: os.name: &apos;Windows 10&apos;, os.arch: &apos;amd64&apos;, os.version: &apos;10.0&apos;, java.version: &apos;17.0.10&apos;
Driver info: org.openqa.selenium.edge.EdgeDriver
Command: [b04fcc85401dc4537373eba4421afcff, actions {actions=[org.openqa.selenium.interactions.Sequence@54ccb3]}]
Capabilities {acceptInsecureCerts: false, browserName: MicrosoftEdge, browserVersion: 127.0.2651.86, fedcm:accounts: true, ms:edgeOptions: {debuggerAddress: localhost:62952}, msedge: {msedgedriverVersion: 127.0.2651.86 (ac31d8b82969..., userDataDir: C:\Users\admin\AppData\Loca...}, networkConnectionEnabled: false, pageLoadStrategy: normal, platformName: windows, proxy: Proxy(), se:cdp: ws://localhost:62952/devtoo..., se:cdpVersion: 127.0.2651.86, setWindowRect: true, strictFileInteractability: false, timeouts: {implicit: 0, pageLoad: 300000, script: 30000}, unhandledPromptBehavior: dismiss and notify, webauthn:extension:credBlob: true, webauthn:extension:largeBlob: true, webauthn:extension:minPinLength: true, webauthn:extension:prf: true, webauthn:virtualAuthenticators: true}
Session ID: b04fcc85401dc4537373eba4421afcff
	at org.openqa.selenium.remote.ErrorCodec.decode(ErrorCodec.java:167)
	at org.openqa.selenium.remote.codec.w3c.W3CHttpResponseCodec.decode(W3CHttpResponseCodec.java:138)
	at org.openqa.selenium.remote.codec.w3c.W3CHttpResponseCodec.decode(W3CHttpResponseCodec.java:50)
	at org.openqa.selenium.remote.HttpCommandExecutor.execute(HttpCommandExecutor.java:190)
	at org.openqa.selenium.remote.service.DriverCommandExecutor.invokeExecute(DriverCommandExecutor.java:216)
	at org.openqa.selenium.remote.service.DriverCommandExecutor.execute(DriverCommandExecutor.java:174)
	at org.openqa.selenium.remote.RemoteWebDriver.execute(RemoteWebDriver.java:518)
	at org.openqa.selenium.remote.RemoteWebDriver.perform(RemoteWebDriver.java:604)
	at org.openqa.selenium.interactions.Actions$BuiltAction.perform(Actions.java:603)
	at org.openqa.selenium.interactions.Actions.perform(Actions.java:568)
	at airLine.final_Project2.Home_Page.hoveroverOnlogDropBox(Home_Page.java:47)
	at airLine.final_Project2.TestCase12.loginSearCHLogout(TestCase12.java:39)
	at java.base/java.util.ArrayList.forEach(ArrayList.java:1511)
... Removed 32 stack frames</pre></div><a href='#' onClick='toggleBox("stack-trace1646207916", this, "Click to show all stack frames", "Click to hide stack frames")'>Click to show all stack frames</a>
<div class='stack-trace' id='stack-trace1646207916'><pre>org.openqa.selenium.JavascriptException: javascript error: {&quot;status&quot;:60,&quot;value&quot;:&quot;[object HTMLDivElement] has no size and location&quot;}
  (Session info: MicrosoftEdge=127.0.2651.86)
Build info: version: &apos;4.21.0&apos;, revision: &apos;79ed462ef4&apos;
System info: os.name: &apos;Windows 10&apos;, os.arch: &apos;amd64&apos;, os.version: &apos;10.0&apos;, java.version: &apos;17.0.10&apos;
Driver info: org.openqa.selenium.edge.EdgeDriver
Command: [b04fcc85401dc4537373eba4421afcff, actions {actions=[org.openqa.selenium.interactions.Sequence@54ccb3]}]
Capabilities {acceptInsecureCerts: false, browserName: MicrosoftEdge, browserVersion: 127.0.2651.86, fedcm:accounts: true, ms:edgeOptions: {debuggerAddress: localhost:62952}, msedge: {msedgedriverVersion: 127.0.2651.86 (ac31d8b82969..., userDataDir: C:\Users\admin\AppData\Loca...}, networkConnectionEnabled: false, pageLoadStrategy: normal, platformName: windows, proxy: Proxy(), se:cdp: ws://localhost:62952/devtoo..., se:cdpVersion: 127.0.2651.86, setWindowRect: true, strictFileInteractability: false, timeouts: {implicit: 0, pageLoad: 300000, script: 30000}, unhandledPromptBehavior: dismiss and notify, webauthn:extension:credBlob: true, webauthn:extension:largeBlob: true, webauthn:extension:minPinLength: true, webauthn:extension:prf: true, webauthn:virtualAuthenticators: true}
Session ID: b04fcc85401dc4537373eba4421afcff
	at java.base/jdk.internal.reflect.NativeConstructorAccessorImpl.newInstance0(Native Method)
	at java.base/jdk.internal.reflect.NativeConstructorAccessorImpl.newInstance(NativeConstructorAccessorImpl.java:77)
	at java.base/jdk.internal.reflect.DelegatingConstructorAccessorImpl.newInstance(DelegatingConstructorAccessorImpl.java:45)
	at java.base/java.lang.reflect.Constructor.newInstanceWithCaller(Constructor.java:499)
	at java.base/java.lang.reflect.Constructor.newInstance(Constructor.java:480)
	at org.openqa.selenium.remote.ErrorCodec.decode(ErrorCodec.java:167)
	at org.openqa.selenium.remote.codec.w3c.W3CHttpResponseCodec.decode(W3CHttpResponseCodec.java:138)
	at org.openqa.selenium.remote.codec.w3c.W3CHttpResponseCodec.decode(W3CHttpResponseCodec.java:50)
	at org.openqa.selenium.remote.HttpCommandExecutor.execute(HttpCommandExecutor.java:190)
	at org.openqa.selenium.remote.service.DriverCommandExecutor.invokeExecute(DriverCommandExecutor.java:216)
	at org.openqa.selenium.remote.service.DriverCommandExecutor.execute(DriverCommandExecutor.java:174)
	at org.openqa.selenium.remote.RemoteWebDriver.execute(RemoteWebDriver.java:518)
	at org.openqa.selenium.remote.RemoteWebDriver.perform(RemoteWebDriver.java:604)
	at org.openqa.selenium.interactions.Actions$BuiltAction.perform(Actions.java:603)
	at org.openqa.selenium.interactions.Actions.perform(Actions.java:568)
	at airLine.final_Project2.Home_Page.hoveroverOnlogDropBox(Home_Page.java:47)
	at airLine.final_Project2.TestCase12.loginSearCHLogout(TestCase12.java:39)
	at java.base/jdk.internal.reflect.NativeMethodAccessorImpl.invoke0(Native Method)
	at java.base/jdk.internal.reflect.NativeMethodAccessorImpl.invoke(NativeMethodAccessorImpl.java:77)
	at java.base/jdk.internal.reflect.DelegatingMethodAccessorImpl.invoke(DelegatingMethodAccessorImpl.java:43)
	at java.base/java.lang.reflect.Method.invoke(Method.java:568)
	at org.testng.internal.MethodInvocationHelper.invokeMethod(MethodInvocationHelper.java:133)
	at org.testng.internal.TestInvoker.invokeMethod(TestInvoker.java:598)
	at org.testng.internal.TestInvoker.retryFailed(TestInvoker.java:213)
	at org.testng.internal.MethodRunner.runInSequence(MethodRunner.java:58)
	at org.testng.internal.TestInvoker$MethodInvocationAgent.invoke(TestInvoker.java:824)
	at org.testng.internal.TestInvoker.invokeTestMethods(TestInvoker.java:146)
	at org.testng.internal.TestMethodWorker.invokeTestMethods(TestMethodWorker.java:146)
	at org.testng.internal.TestMethodWorker.run(TestMethodWorker.java:128)
	at java.base/java.util.ArrayList.forEach(ArrayList.java:1511)
	at org.testng.TestRunner.privateRun(TestRunner.java:794)
	at org.testng.TestRunner.run(TestRunner.java:596)
	at org.testng.SuiteRunner.runTest(SuiteRunner.java:377)
	at org.testng.SuiteRunner.runSequentially(SuiteRunner.java:371)
	at org.testng.SuiteRunner.privateRun(SuiteRunner.java:332)
	at org.testng.SuiteRunner.run(SuiteRunner.java:276)
	at org.testng.SuiteRunnerWorker.runSuite(SuiteRunnerWorker.java:53)
	at org.testng.SuiteRunnerWorker.run(SuiteRunnerWorker.java:96)
	at org.testng.TestNG.runSuitesSequentially(TestNG.java:1212)
	at org.testng.TestNG.runSuitesLocally(TestNG.java:1134)
	at org.testng.TestNG.runSuites(TestNG.java:1063)
	at org.testng.TestNG.run(TestNG.java:1031)
	at org.testng.remote.AbstractRemoteTestNG.run(AbstractRemoteTestNG.java:115)
	at org.testng.remote.RemoteTestNG.initAndRun(RemoteTestNG.java:293)
	at org.testng.remote.RemoteTestNG.main(RemoteTestNG.java:91)
</pre></div></td>
<td>31</td>
<td>airLine.final_Project2.TestCase12@771a660</td></tr>
<tr>
<td title='airLine.final_Project2.TestCase12.loginSearCHLogout()'><b>loginSearCHLogout</b><br>Test class: airLine.final_Project2.TestCase12</td>
<td><div><pre>org.openqa.selenium.JavascriptException: javascript error: {&quot;status&quot;:60,&quot;value&quot;:&quot;[object HTMLDivElement] has no size and location&quot;}
  (Session info: MicrosoftEdge=127.0.2651.86)
Build info: version: &apos;4.21.0&apos;, revision: &apos;79ed462ef4&apos;
System info: os.name: &apos;Windows 10&apos;, os.arch: &apos;amd64&apos;, os.version: &apos;10.0&apos;, java.version: &apos;17.0.10&apos;
Driver info: org.openqa.selenium.edge.EdgeDriver
Command: [de6b51139283af6f21618928b2610d01, actions {actions=[org.openqa.selenium.interactions.Sequence@52f9e8bb]}]
Capabilities {acceptInsecureCerts: false, browserName: MicrosoftEdge, browserVersion: 127.0.2651.86, fedcm:accounts: true, ms:edgeOptions: {debuggerAddress: localhost:63112}, msedge: {msedgedriverVersion: 127.0.2651.86 (ac31d8b82969..., userDataDir: C:\Users\admin\AppData\Loca...}, networkConnectionEnabled: false, pageLoadStrategy: normal, platformName: windows, proxy: Proxy(), se:cdp: ws://localhost:63112/devtoo..., se:cdpVersion: 127.0.2651.86, setWindowRect: true, strictFileInteractability: false, timeouts: {implicit: 0, pageLoad: 300000, script: 30000}, unhandledPromptBehavior: dismiss and notify, webauthn:extension:credBlob: true, webauthn:extension:largeBlob: true, webauthn:extension:minPinLength: true, webauthn:extension:prf: true, webauthn:virtualAuthenticators: true}
Session ID: de6b51139283af6f21618928b2610d01
	at org.openqa.selenium.remote.ErrorCodec.decode(ErrorCodec.java:167)
	at org.openqa.selenium.remote.codec.w3c.W3CHttpResponseCodec.decode(W3CHttpResponseCodec.java:138)
	at org.openqa.selenium.remote.codec.w3c.W3CHttpResponseCodec.decode(W3CHttpResponseCodec.java:50)
	at org.openqa.selenium.remote.HttpCommandExecutor.execute(HttpCommandExecutor.java:190)
	at org.openqa.selenium.remote.service.DriverCommandExecutor.invokeExecute(DriverCommandExecutor.java:216)
	at org.openqa.selenium.remote.service.DriverCommandExecutor.execute(DriverCommandExecutor.java:174)
	at org.openqa.selenium.remote.RemoteWebDriver.execute(RemoteWebDriver.java:518)
	at org.openqa.selenium.remote.RemoteWebDriver.perform(RemoteWebDriver.java:604)
	at org.openqa.selenium.interactions.Actions$BuiltAction.perform(Actions.java:603)
	at org.openqa.selenium.interactions.Actions.perform(Actions.java:568)
	at airLine.final_Project2.Home_Page.hoveroverOnlogDropBox(Home_Page.java:47)
	at airLine.final_Project2.TestCase12.loginSearCHLogout(TestCase12.java:39)
	at java.base/java.util.ArrayList.forEach(ArrayList.java:1511)
... Removed 32 stack frames</pre></div><a href='#' onClick='toggleBox("stack-trace604644889", this, "Click to show all stack frames", "Click to hide stack frames")'>Click to show all stack frames</a>
<div class='stack-trace' id='stack-trace604644889'><pre>org.openqa.selenium.JavascriptException: javascript error: {&quot;status&quot;:60,&quot;value&quot;:&quot;[object HTMLDivElement] has no size and location&quot;}
  (Session info: MicrosoftEdge=127.0.2651.86)
Build info: version: &apos;4.21.0&apos;, revision: &apos;79ed462ef4&apos;
System info: os.name: &apos;Windows 10&apos;, os.arch: &apos;amd64&apos;, os.version: &apos;10.0&apos;, java.version: &apos;17.0.10&apos;
Driver info: org.openqa.selenium.edge.EdgeDriver
Command: [de6b51139283af6f21618928b2610d01, actions {actions=[org.openqa.selenium.interactions.Sequence@52f9e8bb]}]
Capabilities {acceptInsecureCerts: false, browserName: MicrosoftEdge, browserVersion: 127.0.2651.86, fedcm:accounts: true, ms:edgeOptions: {debuggerAddress: localhost:63112}, msedge: {msedgedriverVersion: 127.0.2651.86 (ac31d8b82969..., userDataDir: C:\Users\admin\AppData\Loca...}, networkConnectionEnabled: false, pageLoadStrategy: normal, platformName: windows, proxy: Proxy(), se:cdp: ws://localhost:63112/devtoo..., se:cdpVersion: 127.0.2651.86, setWindowRect: true, strictFileInteractability: false, timeouts: {implicit: 0, pageLoad: 300000, script: 30000}, unhandledPromptBehavior: dismiss and notify, webauthn:extension:credBlob: true, webauthn:extension:largeBlob: true, webauthn:extension:minPinLength: true, webauthn:extension:prf: true, webauthn:virtualAuthenticators: true}
Session ID: de6b51139283af6f21618928b2610d01
	at java.base/jdk.internal.reflect.NativeConstructorAccessorImpl.newInstance0(Native Method)
	at java.base/jdk.internal.reflect.NativeConstructorAccessorImpl.newInstance(NativeConstructorAccessorImpl.java:77)
	at java.base/jdk.internal.reflect.DelegatingConstructorAccessorImpl.newInstance(DelegatingConstructorAccessorImpl.java:45)
	at java.base/java.lang.reflect.Constructor.newInstanceWithCaller(Constructor.java:499)
	at java.base/java.lang.reflect.Constructor.newInstance(Constructor.java:480)
	at org.openqa.selenium.remote.ErrorCodec.decode(ErrorCodec.java:167)
	at org.openqa.selenium.remote.codec.w3c.W3CHttpResponseCodec.decode(W3CHttpResponseCodec.java:138)
	at org.openqa.selenium.remote.codec.w3c.W3CHttpResponseCodec.decode(W3CHttpResponseCodec.java:50)
	at org.openqa.selenium.remote.HttpCommandExecutor.execute(HttpCommandExecutor.java:190)
	at org.openqa.selenium.remote.service.DriverCommandExecutor.invokeExecute(DriverCommandExecutor.java:216)
	at org.openqa.selenium.remote.service.DriverCommandExecutor.execute(DriverCommandExecutor.java:174)
	at org.openqa.selenium.remote.RemoteWebDriver.execute(RemoteWebDriver.java:518)
	at org.openqa.selenium.remote.RemoteWebDriver.perform(RemoteWebDriver.java:604)
	at org.openqa.selenium.interactions.Actions$BuiltAction.perform(Actions.java:603)
	at org.openqa.selenium.interactions.Actions.perform(Actions.java:568)
	at airLine.final_Project2.Home_Page.hoveroverOnlogDropBox(Home_Page.java:47)
	at airLine.final_Project2.TestCase12.loginSearCHLogout(TestCase12.java:39)
	at java.base/jdk.internal.reflect.NativeMethodAccessorImpl.invoke0(Native Method)
	at java.base/jdk.internal.reflect.NativeMethodAccessorImpl.invoke(NativeMethodAccessorImpl.java:77)
	at java.base/jdk.internal.reflect.DelegatingMethodAccessorImpl.invoke(DelegatingMethodAccessorImpl.java:43)
	at java.base/java.lang.reflect.Method.invoke(Method.java:568)
	at org.testng.internal.MethodInvocationHelper.invokeMethod(MethodInvocationHelper.java:133)
	at org.testng.internal.TestInvoker.invokeMethod(TestInvoker.java:598)
	at org.testng.internal.TestInvoker.retryFailed(TestInvoker.java:213)
	at org.testng.internal.MethodRunner.runInSequence(MethodRunner.java:58)
	at org.testng.internal.TestInvoker$MethodInvocationAgent.invoke(TestInvoker.java:824)
	at org.testng.internal.TestInvoker.invokeTestMethods(TestInvoker.java:146)
	at org.testng.internal.TestMethodWorker.invokeTestMethods(TestMethodWorker.java:146)
	at org.testng.internal.TestMethodWorker.run(TestMethodWorker.java:128)
	at java.base/java.util.ArrayList.forEach(ArrayList.java:1511)
	at org.testng.TestRunner.privateRun(TestRunner.java:794)
	at org.testng.TestRunner.run(TestRunner.java:596)
	at org.testng.SuiteRunner.runTest(SuiteRunner.java:377)
	at org.testng.SuiteRunner.runSequentially(SuiteRunner.java:371)
	at org.testng.SuiteRunner.privateRun(SuiteRunner.java:332)
	at org.testng.SuiteRunner.run(SuiteRunner.java:276)
	at org.testng.SuiteRunnerWorker.runSuite(SuiteRunnerWorker.java:53)
	at org.testng.SuiteRunnerWorker.run(SuiteRunnerWorker.java:96)
	at org.testng.TestNG.runSuitesSequentially(TestNG.java:1212)
	at org.testng.TestNG.runSuitesLocally(TestNG.java:1134)
	at org.testng.TestNG.runSuites(TestNG.java:1063)
	at org.testng.TestNG.run(TestNG.java:1031)
	at org.testng.remote.AbstractRemoteTestNG.run(AbstractRemoteTestNG.java:115)
	at org.testng.remote.RemoteTestNG.initAndRun(RemoteTestNG.java:293)
	at org.testng.remote.RemoteTestNG.main(RemoteTestNG.java:91)
</pre></div></td>
<td>32</td>
<td>airLine.final_Project2.TestCase12@771a660</td></tr>
<tr>
<td title='airLine.final_Project2.TestCase12.loginSearCHLogout()'><b>loginSearCHLogout</b><br>Test class: airLine.final_Project2.TestCase12</td>
<td><div><pre>org.openqa.selenium.ElementClickInterceptedException: element click intercepted: Element &lt;input id=&quot;FromSector_show&quot; tabindex=&quot;1&quot; onkeydown=&quot;TocontrolTabClickFrom(event)&quot; type=&quot;text&quot; onchange=&quot;ChangeCabin();&quot; onblur=&quot;checkDOM()&quot; class=&quot;autoFlll cityinput&quot; placeholder=&quot;From&quot; autocomplete=&quot;off&quot; onclick=&quot;MulticityClearText(&apos;fromautoFill&apos;, this.id,&apos;F&apos;);&quot; readonly=&quot;&quot;&gt; is not clickable at point (224, 431). Other element would receive the click: &lt;div class=&quot;_newlognsec&quot;&gt;...&lt;/div&gt;
  (Session info: MicrosoftEdge=127.0.2651.86)
Build info: version: &apos;4.21.0&apos;, revision: &apos;79ed462ef4&apos;
System info: os.name: &apos;Windows 10&apos;, os.arch: &apos;amd64&apos;, os.version: &apos;10.0&apos;, java.version: &apos;17.0.10&apos;
Driver info: org.openqa.selenium.edge.EdgeDriver
Command: [383053eff93bf2f48c279a683c44c7a0, clickElement {id=f.3D93736801A73E672124F4D45BEF393A.d.4DD65BBE919999FBC5AA3760E3DD1E60.e.188}]
Capabilities {acceptInsecureCerts: false, browserName: MicrosoftEdge, browserVersion: 127.0.2651.86, fedcm:accounts: true, ms:edgeOptions: {debuggerAddress: localhost:62817}, msedge: {msedgedriverVersion: 127.0.2651.86 (ac31d8b82969..., userDataDir: C:\Users\admin\AppData\Loca...}, networkConnectionEnabled: false, pageLoadStrategy: normal, platformName: windows, proxy: Proxy(), se:cdp: ws://localhost:62817/devtoo..., se:cdpVersion: 127.0.2651.86, setWindowRect: true, strictFileInteractability: false, timeouts: {implicit: 0, pageLoad: 300000, script: 30000}, unhandledPromptBehavior: dismiss and notify, webauthn:extension:credBlob: true, webauthn:extension:largeBlob: true, webauthn:extension:minPinLength: true, webauthn:extension:prf: true, webauthn:virtualAuthenticators: true}
Element: [[EdgeDriver: MicrosoftEdge on windows (383053eff93bf2f48c279a683c44c7a0)] -&gt; xpath: //input[@id=&apos;FromSector_show&apos;]]
Session ID: 383053eff93bf2f48c279a683c44c7a0
	at org.openqa.selenium.remote.ErrorCodec.decode(ErrorCodec.java:167)
	at org.openqa.selenium.remote.codec.w3c.W3CHttpResponseCodec.decode(W3CHttpResponseCodec.java:138)
	at org.openqa.selenium.remote.codec.w3c.W3CHttpResponseCodec.decode(W3CHttpResponseCodec.java:50)
	at org.openqa.selenium.remote.HttpCommandExecutor.execute(HttpCommandExecutor.java:190)
	at org.openqa.selenium.remote.service.DriverCommandExecutor.invokeExecute(DriverCommandExecutor.java:216)
	at org.openqa.selenium.remote.service.DriverCommandExecutor.execute(DriverCommandExecutor.java:174)
	at org.openqa.selenium.remote.RemoteWebDriver.execute(RemoteWebDriver.java:518)
	at org.openqa.selenium.remote.RemoteWebElement.execute(RemoteWebElement.java:223)
	at org.openqa.selenium.remote.RemoteWebElement.click(RemoteWebElement.java:76)
	at org.openqa.selenium.support.pagefactory.internal.LocatingElementHandler.invoke(LocatingElementHandler.java:51)
	at jdk.proxy2/jdk.proxy2.$Proxy14.click(Unknown Source)
	at airLine.final_Project2.Search_Page.ClickFrom(Search_Page.java:15)
	at airLine.final_Project2.TestCase12.loginSearCHLogout(TestCase12.java:25)
	at java.base/java.util.ArrayList.forEach(ArrayList.java:1511)
... Removed 35 stack frames</pre></div><a href='#' onClick='toggleBox("stack-trace1268629255", this, "Click to show all stack frames", "Click to hide stack frames")'>Click to show all stack frames</a>
<div class='stack-trace' id='stack-trace1268629255'><pre>org.openqa.selenium.ElementClickInterceptedException: element click intercepted: Element &lt;input id=&quot;FromSector_show&quot; tabindex=&quot;1&quot; onkeydown=&quot;TocontrolTabClickFrom(event)&quot; type=&quot;text&quot; onchange=&quot;ChangeCabin();&quot; onblur=&quot;checkDOM()&quot; class=&quot;autoFlll cityinput&quot; placeholder=&quot;From&quot; autocomplete=&quot;off&quot; onclick=&quot;MulticityClearText(&apos;fromautoFill&apos;, this.id,&apos;F&apos;);&quot; readonly=&quot;&quot;&gt; is not clickable at point (224, 431). Other element would receive the click: &lt;div class=&quot;_newlognsec&quot;&gt;...&lt;/div&gt;
  (Session info: MicrosoftEdge=127.0.2651.86)
Build info: version: &apos;4.21.0&apos;, revision: &apos;79ed462ef4&apos;
System info: os.name: &apos;Windows 10&apos;, os.arch: &apos;amd64&apos;, os.version: &apos;10.0&apos;, java.version: &apos;17.0.10&apos;
Driver info: org.openqa.selenium.edge.EdgeDriver
Command: [383053eff93bf2f48c279a683c44c7a0, clickElement {id=f.3D93736801A73E672124F4D45BEF393A.d.4DD65BBE919999FBC5AA3760E3DD1E60.e.188}]
Capabilities {acceptInsecureCerts: false, browserName: MicrosoftEdge, browserVersion: 127.0.2651.86, fedcm:accounts: true, ms:edgeOptions: {debuggerAddress: localhost:62817}, msedge: {msedgedriverVersion: 127.0.2651.86 (ac31d8b82969..., userDataDir: C:\Users\admin\AppData\Loca...}, networkConnectionEnabled: false, pageLoadStrategy: normal, platformName: windows, proxy: Proxy(), se:cdp: ws://localhost:62817/devtoo..., se:cdpVersion: 127.0.2651.86, setWindowRect: true, strictFileInteractability: false, timeouts: {implicit: 0, pageLoad: 300000, script: 30000}, unhandledPromptBehavior: dismiss and notify, webauthn:extension:credBlob: true, webauthn:extension:largeBlob: true, webauthn:extension:minPinLength: true, webauthn:extension:prf: true, webauthn:virtualAuthenticators: true}
Element: [[EdgeDriver: MicrosoftEdge on windows (383053eff93bf2f48c279a683c44c7a0)] -&gt; xpath: //input[@id=&apos;FromSector_show&apos;]]
Session ID: 383053eff93bf2f48c279a683c44c7a0
	at java.base/jdk.internal.reflect.NativeConstructorAccessorImpl.newInstance0(Native Method)
	at java.base/jdk.internal.reflect.NativeConstructorAccessorImpl.newInstance(NativeConstructorAccessorImpl.java:77)
	at java.base/jdk.internal.reflect.DelegatingConstructorAccessorImpl.newInstance(DelegatingConstructorAccessorImpl.java:45)
	at java.base/java.lang.reflect.Constructor.newInstanceWithCaller(Constructor.java:499)
	at java.base/java.lang.reflect.Constructor.newInstance(Constructor.java:480)
	at org.openqa.selenium.remote.ErrorCodec.decode(ErrorCodec.java:167)
	at org.openqa.selenium.remote.codec.w3c.W3CHttpResponseCodec.decode(W3CHttpResponseCodec.java:138)
	at org.openqa.selenium.remote.codec.w3c.W3CHttpResponseCodec.decode(W3CHttpResponseCodec.java:50)
	at org.openqa.selenium.remote.HttpCommandExecutor.execute(HttpCommandExecutor.java:190)
	at org.openqa.selenium.remote.service.DriverCommandExecutor.invokeExecute(DriverCommandExecutor.java:216)
	at org.openqa.selenium.remote.service.DriverCommandExecutor.execute(DriverCommandExecutor.java:174)
	at org.openqa.selenium.remote.RemoteWebDriver.execute(RemoteWebDriver.java:518)
	at org.openqa.selenium.remote.RemoteWebElement.execute(RemoteWebElement.java:223)
	at org.openqa.selenium.remote.RemoteWebElement.click(RemoteWebElement.java:76)
	at jdk.internal.reflect.GeneratedMethodAccessor1.invoke(Unknown Source)
	at java.base/jdk.internal.reflect.DelegatingMethodAccessorImpl.invoke(DelegatingMethodAccessorImpl.java:43)
	at java.base/java.lang.reflect.Method.invoke(Method.java:568)
	at org.openqa.selenium.support.pagefactory.internal.LocatingElementHandler.invoke(LocatingElementHandler.java:51)
	at jdk.proxy2/jdk.proxy2.$Proxy14.click(Unknown Source)
	at airLine.final_Project2.Search_Page.ClickFrom(Search_Page.java:15)
	at airLine.final_Project2.TestCase12.loginSearCHLogout(TestCase12.java:25)
	at java.base/jdk.internal.reflect.NativeMethodAccessorImpl.invoke0(Native Method)
	at java.base/jdk.internal.reflect.NativeMethodAccessorImpl.invoke(NativeMethodAccessorImpl.java:77)
	at java.base/jdk.internal.reflect.DelegatingMethodAccessorImpl.invoke(DelegatingMethodAccessorImpl.java:43)
	at java.base/java.lang.reflect.Method.invoke(Method.java:568)
	at org.testng.internal.MethodInvocationHelper.invokeMethod(MethodInvocationHelper.java:133)
	at org.testng.internal.TestInvoker.invokeMethod(TestInvoker.java:598)
	at org.testng.internal.TestInvoker.invokeTestMethod(TestInvoker.java:173)
	at org.testng.internal.MethodRunner.runInSequence(MethodRunner.java:46)
	at org.testng.internal.TestInvoker$MethodInvocationAgent.invoke(TestInvoker.java:824)
	at org.testng.internal.TestInvoker.invokeTestMethods(TestInvoker.java:146)
	at org.testng.internal.TestMethodWorker.invokeTestMethods(TestMethodWorker.java:146)
	at org.testng.internal.TestMethodWorker.run(TestMethodWorker.java:128)
	at java.base/java.util.ArrayList.forEach(ArrayList.java:1511)
	at org.testng.TestRunner.privateRun(TestRunner.java:794)
	at org.testng.TestRunner.run(TestRunner.java:596)
	at org.testng.SuiteRunner.runTest(SuiteRunner.java:377)
	at org.testng.SuiteRunner.runSequentially(SuiteRunner.java:371)
	at org.testng.SuiteRunner.privateRun(SuiteRunner.java:332)
	at org.testng.SuiteRunner.run(SuiteRunner.java:276)
	at org.testng.SuiteRunnerWorker.runSuite(SuiteRunnerWorker.java:53)
	at org.testng.SuiteRunnerWorker.run(SuiteRunnerWorker.java:96)
	at org.testng.TestNG.runSuitesSequentially(TestNG.java:1212)
	at org.testng.TestNG.runSuitesLocally(TestNG.java:1134)
	at org.testng.TestNG.runSuites(TestNG.java:1063)
	at org.testng.TestNG.run(TestNG.java:1031)
	at org.testng.remote.AbstractRemoteTestNG.run(AbstractRemoteTestNG.java:115)
	at org.testng.remote.RemoteTestNG.initAndRun(RemoteTestNG.java:293)
	at org.testng.remote.RemoteTestNG.main(RemoteTestNG.java:91)
</pre></div></td>
<td>7</td>
<td>airLine.final_Project2.TestCase12@771a660</td></tr>
</table><p>
</body>
</html>