<?xml version="1.0" encoding="UTF-8"?>
<!-- Generated by org.testng.reporters.JUnitXMLReporter -->
<testsuite ignored="0" hostname="VEER" failures="2" tests="5" name="Test" time="0.274" errors="0" timestamp="2024-07-23T16:33:29 IST">
  <testcase classname="Project1_Amazon.final_Project.TestCase01" name="register_on_Amazon" time="0.107">
    <skipped/>
  </testcase> <!-- register_on_Amazon -->
  <testcase classname="Project1_Amazon.final_Project.TestCase01" name="register_on_Amazon" time="0.005">
    <skipped/>
  </testcase> <!-- register_on_Amazon -->
  <testcase classname="Project1_Amazon.final_Project.TestCase01" name="register_on_Amazon" time="0.004">
    <skipped/>
  </testcase> <!-- register_on_Amazon -->
  <testcase classname="Project1_Amazon.final_Project.TestCase01" name="register_on_Amazon" time="0.008">
    <failure type="java.lang.IllegalArgumentException" message="Driver must be set">
      <![CDATA[java.lang.IllegalArgumentException: Driver must be set
at org.openqa.selenium.internal.Require.nonNull(Require.java:61)
at org.openqa.selenium.interactions.Actions.<init>(Actions.java:59)
at Project1_Amazon.final_Project.Amazon_Home_Page.hoverover(Amazon_Home_Page.java:21)
at Project1_Amazon.final_Project.TestCase01.register_on_Amazon(TestCase01.java:26)
at java.base/java.util.ArrayList.forEach(ArrayList.java:1511)
... Removed 27 stack frames]]>
    </failure>
  </testcase> <!-- register_on_Amazon -->
  <testcase classname="Project1_Amazon.final_Project.TestCase01" name="register_on_Amazon" time="0.199">
    <failure type="java.lang.NullPointerException" message="Cannot invoke &amp;quot;org.openqa.selenium.TakesScreenshot.getScreenshotAs(org.openqa.selenium.OutputType)&amp;quot; because &amp;quot;t1&amp;quot; is null">
      <![CDATA[java.lang.NullPointerException: Cannot invoke "org.openqa.selenium.TakesScreenshot.getScreenshotAs(org.openqa.selenium.OutputType)" because "t1" is null
at resources.Listener.onTestFailure(Listener.java:42)
at java.base/java.util.ArrayList.forEach(ArrayList.java:1511)
... Removed 24 stack frames]]>
    </failure>
  </testcase> <!-- register_on_Amazon -->
</testsuite> <!-- Test -->
